빌드 시작: 2012-10-22 오후 5:05:15
     1>2 노드의 "H:\Repository\MyImageProcessing\MyImageProcessing\MyImageProcessing.vcxproj" 프로젝트(build 대상)입니다.
     1>InitializeBuildStatus:
         "AlwaysCreate"이(가) 지정되었기 때문에 "Debug\MyImageProcessing.unsuccessfulbuild"을(를) 만들고 있습니다.
       ClCompile:
         모든 출력이 최신 상태입니다.
         C:\Program Files (x86)\Microsoft Visual Studio 10.0\VC\bin\CL.exe /c /I./xImage/include /ZI /nologo /W3 /WX- /Od /Oy- /D WIN32 /D _WINDOWS /D _DEBUG /D _MBCS /Gm /EHsc /RTC1 /MTd /GS /fp:precise /Zc:wchar_t /Zc:forScope /Yu"StdAfx.h" /Fp"Debug\MyImageProcessing.pch" /Fo"Debug\\" /Fd"Debug\vc100.pdb" /Gd /TP /analyze- /errorReport:prompt HistDlg.cpp MyImageProcessingDoc.cpp
         HistDlg.cpp
     1>h:\repository\myimageprocessing\myimageprocessing\histdlg.cpp(44): warning C4244: '인수' : 'double'에서 'int'(으)로 변환하면서 데이터가 손실될 수 있습니다.
     1>h:\repository\myimageprocessing\myimageprocessing\histdlg.cpp(45): warning C4018: '<' : signed 또는 unsigned가 일치하지 않습니다.
     1>h:\repository\myimageprocessing\myimageprocessing\histdlg.cpp(46): warning C4018: '<' : signed 또는 unsigned가 일치하지 않습니다.
     1>h:\repository\myimageprocessing\myimageprocessing\histdlg.cpp(77): warning C4244: '인수' : 'double'에서 'int'(으)로 변환하면서 데이터가 손실될 수 있습니다.
         코드를 생성하고 있습니다...
         건너뛰고 있습니다... (관련된 변경 내용 없음)
         MyImageProcessingDoc.cpp
       ResourceCompile:
         모든 출력이 최신 상태입니다.
       ManifestResourceCompile:
         모든 출력이 최신 상태입니다.
       Link:
         C:\Program Files (x86)\Microsoft Visual Studio 10.0\VC\bin\link.exe /ERRORREPORT:PROMPT /OUT:"H:\Repository\MyImageProcessing\Debug\MyImageProcessing.exe" /INCREMENTAL /NOLOGO /LIBPATH:./xImage/Debug cximage.lib jasper.lib j2k.lib jbig.lib Jpeg.lib png.lib Tiff.lib zlib.lib /MANIFEST /ManifestFile:"Debug\MyImageProcessing.exe.intermediate.manifest" /MANIFESTUAC:"level='asInvoker' uiAccess='false'" /DEBUG /PDB:"H:\Repository\MyImageProcessing\Debug\MyImageProcessing.pdb" /SUBSYSTEM:WINDOWS /TLBID:1 /DYNAMICBASE /NXCOMPAT /IMPLIB:"H:\Repository\MyImageProcessing\Debug\MyImageProcessing.lib" /MACHINE:X86 Debug\MyImageProcessing.res
         Debug\MyImageProcessing.exe.embed.manifest.res
         Debug\BinthSet.obj
         Debug\ChildFrm.obj
         Debug\HistDlg.obj
         Debug\MainFrm.obj
         Debug\MyImageProcessing.obj
         Debug\MyImageProcessingDoc.obj
         Debug\MyImageProcessingView.obj
         Debug\SclDlg.obj
         Debug\stdafx.obj
       Manifest:
         C:\Program Files (x86)\Microsoft SDKs\Windows\v7.0A\bin\mt.exe /nologo /verbose /out:"Debug\MyImageProcessing.exe.embed.manifest" /manifest Debug\MyImageProcessing.exe.intermediate.manifest "C:\Program Files (x86)\Microsoft Visual Studio 10.0\VC\Include\Manifest\dpiaware.manifest"
         모든 출력이 최신 상태입니다.
       LinkEmbedManifest:
         모든 출력이 최신 상태입니다.
         MyImageProcessing.vcxproj -> H:\Repository\MyImageProcessing\Debug\MyImageProcessing.exe
       FinalizeBuildStatus:
         "Debug\MyImageProcessing.unsuccessfulbuild" 파일을 삭제하고 있습니다.
         "Debug\MyImageProcessing.lastbuildstate"에 연결(touching)하고 있습니다.
     1>"H:\Repository\MyImageProcessing\MyImageProcessing\MyImageProcessing.vcxproj" 프로젝트를 빌드했습니다(build 대상).

빌드했습니다.

경과 시간: 00:00:01.25
